<?xml version="1.0" encoding="UTF-8" standalone="no"?>
<testsuite failures="0" name="cucumber.runtime.formatter.JUnitFormatter" skipped="0" tests="1" time="118.822711">
    <testcase classname="I want to use this template to make changes into my profile" name="_2" time="118.822711">
        <system-out><![CDATA[Given Admin is on the login page of Real Estate.............................passed
When admin will enter the UserId "mohankrishna176@gmail.com" and password "Secret@123&&".passed
And admin will click on the login button....................................passed
And will be redirected to the the dashboard of the real estate page.........passed
And will click on the Users.................................................passed
And will click on the Your Profile..........................................passed
Then admin will be redirected to the Your Profile page......................passed
When user will enter the value under Personal Options.......................passed
And user will click on Visual Editor........................................passed
And user will click on Syntax Highlighting..................................passed
And user will click on Admin Color Scheme...................................passed
And user will click on Keyboard Shortcuts...................................passed
And user will click on Toolbar..............................................passed
When user enters the value under Name section...............................passed
And user will check if the Username is "admin"..............................passed
And user will write "simran" in the First Name place........................passed
And user will write "gupta" in the Last Name place..........................passed
And user will write "simmy" in the Nickname place...........................passed
And user will select Display name publicly as...............................passed
When user enters the value under Contact Info...............................passed
And user will write "simran78@gmail.com" in Email...........................passed
And user will write "www.indianfood.com" in Website.........................passed
And user will write "9876543210" in Phone...................................passed
And user will write "https://twitter.com/simran78" in Twitter...............passed
And user will write "https://www.facebook.com/simran78/" in Facebook URL....passed
And user will write "https://www.linkedin.com/in/simran78" in Linkedin......passed
When user enters the value under About Yourself.............................passed
And user will write "Tester" in Biographical Info...........................passed
And user will click on Gravatar on Profile Picture field....................passed
And user will write "Secret@123&&" in New Password..........................passed
And user will click on Log Out Everywhere Else..............................passed
When user will enter the value under Realteo Avatar.........................passed
And user will write "minion" in Agent Avatar................................passed
When user will check for Extra profile information..........................passed
And user will write "Miss" in Title.........................................passed
When user will check for Customer billing address...........................passed
And user will write "Anuradha" in First Name field..........................passed
And user will write "Gupta" in Last Name field..............................passed
And user will write "Wipro" in Company field................................passed
And user will write "Church Road" in Address line1..........................passed
And user will write "Civil Lines" in Address line2..........................passed
And user will write "Gaya" in City field....................................passed
And user will write "823001" in Postcode / ZIP..............................passed
And user will select Country................................................passed
And user will select State / County.........................................passed
And user will write "8791234560" in Phone field.............................passed
And user will write "anuradha@gmail.com" in Email address...................passed
And user will click Copy....................................................passed
Then will click on Update Profile...........................................passed
]]></system-out>
    </testcase>
</testsuite>
